<?xml version="1.0" encoding="utf-8"?><testsuites name="pytest tests"><testsuite name="pytest" errors="0" failures="0" skipped="0" tests="375" time="170.237" timestamp="2026-07-04T11:37:01.007044+05:00" hostname="DESKTOP-04CIN5B"><testcase classname="tests.clip.test_clip_checkpointing" name="test_selected_checkpoint_loads_with_current_upstream_hashes" time="1.423" /><testcase classname="tests.clip.test_clip_checkpointing" name="test_stale_upstream_hash_prevents_checkpoint_loading" time="1.731" /><testcase classname="tests.clip.test_clip_contrastive_dataset" name="test_dataset_returns_aligned_tensors_and_no_forbidden_inputs" time="0.063" /><testcase classname="tests.clip.test_clip_contrastive_dataset" name="test_dataset_refuses_lendingclub_v2_training_mode" time="0.043" /><testcase classname="tests.clip.test_clip_contrastive_dataset" name="test_dataset_hash_verification_fails_on_stale_pair_hash" time="0.056" /><testcase classname="tests.clip.test_clip_embedding_cache" name="test_cache_identity_is_deterministic_and_changes_with_text_or_model" time="0.001" /><testcase classname="tests.clip.test_clip_embedding_cache" name="test_embedding_feature_alignment_is_explicit" time="0.005" /><testcase classname="tests.clip.test_clip_evidence_loader" name="test_dev_only_evidence_files_load" time="0.127" /><testcase classname="tests.clip.test_clip_evidence_loader" name="test_feature_level_evidence_for_clip_is_rejected" time="0.000" /><testcase classname="tests.clip.test_clip_evidence_loader" name="test_legacy_lendingclub_path_is_rejected" time="0.000" /><testcase classname="tests.clip.test_clip_evidence_loader" name="test_forbidden_fields_cannot_be_statistical_inputs[psi_dev_oot_if_available]" time="0.046" /><testcase classname="tests.clip.test_clip_evidence_loader" name="test_forbidden_fields_cannot_be_statistical_inputs[mean_oot_if_available]" time="0.047" /><testcase classname="tests.clip.test_clip_evidence_loader" name="test_forbidden_fields_cannot_be_statistical_inputs[TARGET]" time="0.039" /><testcase classname="tests.clip.test_clip_evidence_loader" name="test_forbidden_fields_cannot_be_statistical_inputs[member_id]" time="0.031" /><testcase classname="tests.clip.test_clip_evidence_loader" name="test_unsafe_rows_cannot_enter_allowed_set" time="0.043" /><testcase classname="tests.clip.test_clip_evidence_loader" name="test_blocked_rows_preserve_block_reasons" time="0.046" /><testcase classname="tests.clip.test_clip_group_split" name="test_group_split_has_no_group_overlap_and_is_deterministic" time="0.051" /><testcase classname="tests.clip.test_clip_group_split" name="test_region_rating_alias_resolves_to_one_canonical_family" time="0.001" /><testcase classname="tests.clip.test_clip_group_split" name="test_canonical_family_split_keeps_all_members_together" time="0.022" /><testcase classname="tests.clip.test_clip_group_split" name="test_unrelated_prefix_sharing_features_are_not_automatically_grouped" time="0.000" /><testcase classname="tests.clip.test_clip_group_split" name="test_formula_derived_family_resolution_is_deterministic" time="0.001" /><testcase classname="tests.clip.test_clip_group_split" name="test_real_homecredit_split_has_zero_canonical_family_overlap" time="0.005" /><testcase classname="tests.clip.test_clip_input_validation" name="test_homecredit_train_lendingclub_v2_external_validation_roles" time="0.001" /><testcase classname="tests.clip.test_clip_input_validation" name="test_legacy_lendingclub_role_is_forbidden" time="0.000" /><testcase classname="tests.clip.test_clip_input_validation" name="test_forbidden_pattern_registry_is_conservative_on_field_names_only" time="0.000" /><testcase classname="tests.clip.test_clip_input_validation" name="test_input_role_separation_rejects_target_and_id_inputs" time="0.001" /><testcase classname="tests.clip.test_clip_input_validation" name="test_deterministic_order_validation" time="0.004" /><testcase classname="tests.clip.test_clip_learned_scoring" name="test_learned_scores_use_homecredit_anchor_and_keep_lendingclub_external" time="0.013" /><testcase classname="tests.clip.test_clip_loss" name="test_symmetric_loss_uses_both_directions_and_masks_false_negatives" time="0.002" /><testcase classname="tests.clip.test_clip_loss" name="test_loss_rejects_asymmetric_and_zero_valid_negative_masks" time="0.001" /><testcase classname="tests.clip.test_clip_manifest_builder" name="test_source_hashes_are_deterministic" time="0.007" /><testcase classname="tests.clip.test_clip_manifest_builder" name="test_build_manifest_outputs_are_deterministic" time="0.380" /><testcase classname="tests.clip.test_clip_manifest_builder" name="test_manifest_outputs_keep_roles_and_blocked_reasons" time="0.163" /><testcase classname="tests.clip.test_clip_manifest_builder" name="test_output_ordering_is_deterministic" time="0.188" /><testcase classname="tests.clip.test_clip_model" name="test_clip_model_outputs_normalized_vectors_and_expected_dimensions" time="0.005" /><testcase classname="tests.clip.test_clip_negative_policy" name="test_identity_only_policy_keeps_diagnostic_relations_as_negatives" time="0.022" /><testcase classname="tests.clip.test_clip_negative_policy" name="test_unrelated_same_table_and_ext_sources_remain_negatives" time="0.014" /><testcase classname="tests.clip.test_clip_negative_policy" name="test_verified_alias_and_exact_dev_duplicates_are_masked_symmetrically" time="0.085" /><testcase classname="tests.clip.test_clip_negative_policy" name="test_mask_rejects_stale_order_hash_and_zero_valid_negatives" time="0.010" /><testcase classname="tests.clip.test_clip_negative_policy" name="test_mask_is_deterministic_and_batch_order_invariant" time="0.036" /><testcase classname="tests.clip.test_clip_pair_builder" name="test_positive_pairs_align_same_feature_across_views" time="0.023" /><testcase classname="tests.clip.test_clip_pair_builder" name="test_pair_building_and_pair_ids_are_deterministic" time="0.009" /><testcase classname="tests.clip.test_clip_pair_builder" name="test_contrastive_dry_run_does_not_overwrite_full_pair_artifacts" time="0.771" /><testcase classname="tests.clip.test_clip_pair_builder" name="test_contrastive_dry_run_keeps_actual_full_run_hashes_unchanged" time="0.749" /><testcase classname="tests.clip.test_clip_pair_validation" name="test_duplicate_text_views_fail_validation" time="0.044" /><testcase classname="tests.clip.test_clip_pair_validation" name="test_missing_statistical_view_fails_validation" time="0.039" /><testcase classname="tests.clip.test_clip_pair_validation" name="test_stale_source_hash_fails_manifest_boundary" time="0.012" /><testcase classname="tests.clip.test_clip_pair_validation" name="test_legacy_lendingclub_config_is_rejected" time="0.001" /><testcase classname="tests.clip.test_clip_pairing_repair" name="test_exact_dev_duplicates_require_equal_values_and_missingness" time="0.017" /><testcase classname="tests.clip.test_clip_pairing_repair" name="test_positive_views_follow_the_same_shuffle_and_reject_stale_order" time="0.011" /><testcase classname="tests.clip.test_clip_statistical_preprocessor" name="test_preprocessor_fits_medians_and_scaling_on_training_only" time="0.006" /><testcase classname="tests.clip.test_clip_statistical_preprocessor" name="test_preprocessor_rejects_unexpected_string_fields" time="0.001" /><testcase classname="tests.clip.test_clip_statistical_preprocessor" name="test_field_order_and_vector_alignment_are_explicit" time="0.008" /><testcase classname="tests.clip.test_clip_statistical_view_v2" name="test_clip_v2_descriptor_order_is_exact_and_deterministic" time="0.000" /><testcase classname="tests.clip.test_clip_statistical_view_v2" name="test_numeric_descriptor_math_and_constant_validity_masks" time="0.002" /><testcase classname="tests.clip.test_clip_statistical_view_v2" name="test_categorical_entropy_binary_concentration_and_all_missing" time="0.002" /><testcase classname="tests.clip.test_clip_statistical_view_v2" name="test_integer_coded_category_uses_metadata_type_resolution" time="0.000" /><testcase classname="tests.clip.test_clip_statistical_view_v2" name="test_forbidden_target_oot_prediction_and_llm_inputs_are_rejected" time="0.001" /><testcase classname="tests.clip.test_clip_statistical_view_v2" name="test_clip_v2_scaler_fits_only_homecredit_train_and_does_not_scale_indicators" time="0.009" /><testcase classname="tests.clip.test_clip_statistical_view_v2" name="test_versioned_paths_and_cache_namespaces_are_isolated" time="0.000" /><testcase classname="tests.clip.test_clip_text_baseline" name="test_dry_run_performs_no_model_loading" time="0.193" /><testcase classname="tests.clip.test_clip_text_baseline" name="test_text_baseline_dry_run_does_not_modify_full_run_artifacts" time="0.201" /><testcase classname="tests.clip.test_clip_text_baseline" name="test_text_baseline_with_mock_encoder_uses_homecredit_anchor_unchanged" time="0.294" /><testcase classname="tests.clip.test_clip_text_baseline" name="test_legacy_lendingclub_is_rejected" time="0.002" /><testcase classname="tests.clip.test_clip_text_builder" name="test_text_template_is_deterministic_and_uses_allowed_metadata_only" time="0.000" /><testcase classname="tests.clip.test_clip_text_builder" name="test_missing_metadata_is_reported_and_not_fabricated" time="0.001" /><testcase classname="tests.clip.test_clip_text_builder" name="test_text_frame_records_presence_and_hashes" time="0.003" /><testcase classname="tests.clip.test_clip_text_builder" name="test_forbidden_text_fields_are_rejected" time="0.001" /><testcase classname="tests.clip.test_clip_training_boundaries" name="test_training_inputs_enforce_homecredit_train_and_external_lendingclub_only" time="1.644" /><testcase classname="tests.clip.test_clip_training_boundaries" name="test_forbidden_fields_are_absent_from_pair_inputs" time="1.689" /><testcase classname="tests.clip.test_clip_training_determinism" name="test_same_seed_smoke_training_reproduces_checkpoint_hash" time="4.300" /><testcase classname="tests.clip.test_dataset_roles" name="test_both_dataset_directions_are_supported" time="0.001" /><testcase classname="tests.clip.test_dataset_roles" name="test_same_dataset_role_is_rejected" time="0.000" /><testcase classname="tests.clip.test_dataset_roles" name="test_contrastive_validator_uses_declared_roles_not_names" time="0.000" /><testcase classname="tests.clip.test_dataset_roles" name="test_group_split_validates_declared_dataset" time="0.003" /><testcase classname="tests.clip.test_reverse_transfer" name="test_reconciliation_excludes_missing_views_without_fabrication" time="0.008" /><testcase classname="tests.clip.test_reverse_transfer" name="test_split_is_deterministic_disjoint_and_identity_group_safe" time="0.040" /><testcase classname="tests.clip.test_reverse_transfer" name="test_lendingclub_exact_duplicates_require_exact_values_and_masks" time="0.008" /><testcase classname="tests.clip.test_reverse_transfer" name="test_negative_policy_keeps_source_table_and_summary_relations_diagnostic" time="0.016" /><testcase classname="tests.clip.test_reverse_transfer" name="test_source_preprocessor_blocks_external_refit_and_tracks_source_hash" time="0.006" /><testcase classname="tests.clip.test_reverse_transfer" name="test_projection_is_frozen_and_preserves_provenance" time="0.007" /><testcase classname="tests.clip.test_reverse_transfer" name="test_consensus_and_candidate_pool_are_fixed" time="0.011" /><testcase classname="tests.clip.test_reverse_transfer" name="test_prediction_provenance_and_split_overlap_boundary" time="0.014" /><testcase classname="tests.clip.test_reverse_transfer" name="test_checkpoint_metadata_rejects_wrong_source_and_old_policy" time="0.001" /><testcase classname="tests.clip.test_reverse_transfer" name="test_mrmr_persists_raw_encoded_widths_and_source_lineage" time="0.019" /><testcase classname="tests.clip.test_reverse_transfer" name="test_tiny_synthetic_source_training_and_frozen_external_smoke" time="0.018" /><testcase classname="tests.clip.test_reverse_transfer" name="test_explicit_identity_evidence_is_role_and_feature_id_bound" time="0.018" /><testcase classname="tests.clip.test_reverse_transfer" name="test_external_alignment_joins_by_feature_id_not_row_position" time="0.018" /><testcase classname="tests.clip.test_reverse_transfer" name="test_external_alignment_fails_closed[missing_semantic-identities differ]" time="0.005" /><testcase classname="tests.clip.test_reverse_transfer" name="test_external_alignment_fails_closed[missing_statistical-identities differ]" time="0.005" /><testcase classname="tests.clip.test_reverse_transfer" name="test_external_alignment_fails_closed[duplicate-duplicate feature IDs]" time="0.003" /><testcase classname="tests.clip.test_reverse_transfer" name="test_external_alignment_fails_closed[name_conflict-names conflict]" time="0.005" /><testcase classname="tests.clip.test_reverse_transfer" name="test_external_alignment_fails_closed[dataset-dataset metadata mismatch]" time="0.003" /><testcase classname="tests.clip.test_reverse_transfer" name="test_saved_prediction_metrics_are_exactly_recomputable" time="0.034" /><testcase classname="tests.clip.test_reverse_transfer" name="test_registry_conflicts_and_atomic_rollback" time="0.022" /><testcase classname="tests.clip.test_reverse_transfer" name="test_atomic_registry_success_and_idempotent_append" time="0.024" /><testcase classname="tests.clip.test_reverse_transfer" name="test_persistent_row_ids_survive_shuffle_and_reject_index_surrogates" time="0.008" /><testcase classname="tests.clip.test_reverse_transfer" name="test_persistent_row_id_contract_fails_closed[frame0-SK_ID_CURR-lacks]" time="0.008" /><testcase classname="tests.clip.test_reverse_transfer" name="test_persistent_row_id_contract_fails_closed[frame1-SK_ID_CURR-null]" time="0.006" /><testcase classname="tests.clip.test_reverse_transfer" name="test_persistent_row_id_contract_fails_closed[frame2-SK_ID_CURR-duplicated]" time="0.006" /><testcase classname="tests.clip.test_reverse_transfer" name="test_source_identity_rejects_fabricated_and_replaced_ids" time="0.013" /><testcase classname="tests.clip.test_reverse_transfer" name="test_source_identity_manifest_and_alignment_fail_closed" time="0.011" /><testcase classname="tests.clip.test_reverse_transfer" name="test_authenticated_subsets_shuffle_and_feature_exclusion" time="0.015" /><testcase classname="tests.clip.test_reverse_transfer" name="test_source_identity_rejects_duplicate_null_and_unexpected_ids" time="0.009" /><testcase classname="tests.clip.test_reverse_transfer" name="test_prepare_modeling_data_authenticates_raw_ids_before_split" time="0.025" /><testcase classname="tests.clip.test_reverse_transfer" name="test_raw_dev_evidence_hash_changes_for_value_row_or_column_mutation" time="0.011" /><testcase classname="tests.clip.test_reverse_transfer" name="test_dev_oof_metrics_require_fold_exclusive_saved_rows" time="0.043" /><testcase classname="tests.clip.test_reverse_transfer" name="test_canonical_oof_export_and_saved_metric_recomputation[lr]" time="0.048" /><testcase classname="tests.clip.test_reverse_transfer" name="test_canonical_oof_export_and_saved_metric_recomputation[catboost]" time="0.033" /><testcase classname="tests.clip.test_reverse_transfer" name="test_prediction_metadata_duplicate_fields_fail_closed" time="0.001" /><testcase classname="tests.clip.test_reverse_transfer" name="test_oof_export_adversarial_failures[duplicate-duplicated]" time="0.004" /><testcase classname="tests.clip.test_reverse_transfer" name="test_oof_export_adversarial_failures[missing-coverage]" time="0.003" /><testcase classname="tests.clip.test_reverse_transfer" name="test_oof_export_adversarial_failures[null-null]" time="0.003" /><testcase classname="tests.clip.test_reverse_transfer" name="test_oof_export_adversarial_failures[fold_missing-fold_id]" time="0.003" /><testcase classname="tests.clip.test_reverse_transfer" name="test_oof_export_adversarial_failures[oot-forbidden OOT]" time="0.004" /><testcase classname="tests.clip.test_reverse_transfer" name="test_oof_export_adversarial_failures[training_overlap-training and validation]" time="0.004" /><testcase classname="tests.clip.test_reverse_transfer" name="test_oof_export_adversarial_failures[validation_overlap-overlap across folds]" time="0.004" /><testcase classname="tests.clip.test_reverse_transfer" name="test_oof_export_adversarial_failures[target-misaligned]" time="0.004" /><testcase classname="tests.clip.test_reverse_transfer" name="test_oof_export_adversarial_failures[probability-within]" time="0.003" /><testcase classname="tests.clip.test_reverse_transfer" name="test_registry_canonicalization_and_atomic_second_registration_noop" time="0.020" /><testcase classname="tests.clip.test_source_anchor" name="test_four_equal_duration_subwindows_are_deterministic" time="0.000" /><testcase classname="tests.clip.test_source_anchor" name="test_stability_ignores_target_and_lendingclub_oot" time="0.632" /><testcase classname="tests.clip.test_source_anchor" name="test_homecredit_data_cannot_enter_stability_evidence" time="0.002" /><testcase classname="tests.clip.test_source_anchor" name="test_numeric_and_categorical_bins_are_fit_on_first_window_and_frozen" time="0.009" /><testcase classname="tests.clip.test_source_anchor" name="test_missingness_drift_and_validation_split_exclusion" time="0.298" /><testcase classname="tests.clip.test_source_anchor" name="test_ranking_is_deterministic_and_selects_exactly_23" time="0.021" /><testcase classname="tests.clip.test_source_anchor" name="test_selection_fails_closed_when_fewer_than_23_qualify" time="0.005" /><testcase classname="tests.clip.test_source_anchor" name="test_aliases_exact_duplicates_and_validation_features_are_not_members" time="0.012" /><testcase classname="tests.clip.test_source_anchor" name="test_cross_type_identity_conflicts_cannot_coexist_in_anchor" time="0.013" /><testcase classname="tests.clip.test_source_anchor" name="test_per_seed_anchor_normalizes_members_and_centroid" time="0.006" /><testcase classname="tests.clip.test_source_anchor" name="test_homecredit_seed_anchor_is_rejected" time="0.002" /><testcase classname="tests.clip.test_source_anchor" name="test_incorrect_anchor_metadata_and_hashes_are_rejected" time="0.017" /><testcase classname="tests.clip.test_source_anchor" name="test_seed_anchor_hash_and_source_manifest_hash_are_enforced" time="0.001" /><testcase classname="tests.pipelines.test_evaluate_resume" name="test_authenticated_lr_and_absent_catboost_runs_only_catboost" time="0.013" /><testcase classname="tests.pipelines.test_evaluate_resume" name="test_completed_authenticated_lr_is_not_rerun" time="0.009" /><testcase classname="tests.pipelines.test_evaluate_resume" name="test_tampered_candidate_pool_is_rejected" time="0.004" /><testcase classname="tests.pipelines.test_evaluate_resume" name="test_incomplete_model_or_missing_reconciliation_is_rejected[prediction_manifest.json]" time="0.002" /><testcase classname="tests.pipelines.test_evaluate_resume" name="test_incomplete_model_or_missing_reconciliation_is_rejected[oof_reconciliation.csv]" time="0.002" /><testcase classname="tests.pipelines.test_evaluate_resume" name="test_catboost_failure_leaves_evaluate_in_progress" time="15.214" /><testcase classname="tests.pipelines.test_evaluate_resume" name="test_both_valid_models_produce_complete_evaluate_manifest" time="15.262" /><testcase classname="tests.pipelines.test_evaluate_resume" name="test_without_resume_partial_evaluate_is_still_rejected" time="15.386" /><testcase classname="tests.pipelines.test_evaluate_resume" name="test_evaluate_resume_never_invokes_registry" time="15.236" /><testcase classname="tests.pipelines.test_oof_row_provenance" name="test_fold_predictions_map_one_to_one_to_validation_ids" time="0.003" /><testcase classname="tests.pipelines.test_oof_row_provenance" name="test_prediction_series_index_cannot_align_away_rows" time="0.003" /><testcase classname="tests.pipelines.test_oof_row_provenance" name="test_one_missing_prediction_is_rejected" time="0.003" /><testcase classname="tests.pipelines.test_oof_row_provenance" name="test_one_extra_prediction_is_rejected" time="0.004" /><testcase classname="tests.pipelines.test_oof_row_provenance" name="test_duplicate_prediction_id_is_rejected" time="0.003" /><testcase classname="tests.pipelines.test_oof_row_provenance" name="test_duplicate_validation_id_is_rejected" time="0.001" /><testcase classname="tests.pipelines.test_oof_row_provenance" name="test_non_finite_prediction_is_rejected[nan]" time="0.002" /><testcase classname="tests.pipelines.test_oof_row_provenance" name="test_non_finite_prediction_is_rejected[inf]" time="0.002" /><testcase classname="tests.pipelines.test_oof_row_provenance" name="test_non_finite_prediction_is_rejected[-inf]" time="0.001" /><testcase classname="tests.pipelines.test_oof_row_provenance" name="test_target_and_id_index_misalignment_is_rejected" time="0.001" /><testcase classname="tests.pipelines.test_oof_row_provenance" name="test_oof_union_equals_all_fold_validation_ids" time="0.009" /><testcase classname="tests.pipelines.test_oof_row_provenance" name="test_oof_union_missing_one_fold_row_is_rejected" time="0.007" /><testcase classname="tests.pipelines.test_oof_row_provenance" name="test_oof_metrics_are_not_called_before_reconciliation" time="0.003" /><testcase classname="tests.pipelines.test_oof_row_provenance" name="test_failed_evaluate_cannot_write_complete_stage_manifest" time="15.134" /><testcase classname="tests.pipelines.test_oof_row_provenance" name="test_authentic_stable_id_values_are_preserved" time="0.002" /><testcase classname="tests.pipelines.test_oof_row_provenance" name="test_generated_positional_identifier_is_rejected" time="0.001" /><testcase classname="tests.pipelines.test_oof_row_provenance" name="test_grouped_temporal_validation_folds_are_disjoint" time="0.001" /><testcase classname="tests.pipelines.test_registry_method_constant" name="test_register_payload_construction_resolves_canonical_method" time="0.006" /><testcase classname="tests.pipelines.test_registry_method_constant" name="test_pipeline_has_no_duplicate_reverse_method_literal" time="0.001" /><testcase classname="tests.pipelines.test_registry_method_constant" name="test_register_dry_run_uses_real_payload_builder_without_execute" time="0.001" /><testcase classname="tests.pipelines.test_registry_method_constant" name="test_commit_path_calls_same_register_builder_without_dry_run" time="0.001" /><testcase classname="tests.pipelines.test_reverse_transfer_csv_loader" name="test_time_column_is_excluded_from_requested_features" time="0.008" /><testcase classname="tests.pipelines.test_reverse_transfer_csv_loader" name="test_target_column_is_excluded_from_requested_features" time="0.010" /><testcase classname="tests.pipelines.test_reverse_transfer_csv_loader" name="test_repeated_feature_names_are_deduplicated_in_order" time="0.007" /><testcase classname="tests.pipelines.test_reverse_transfer_csv_loader" name="test_missing_requested_feature_fails_with_context" time="0.004" /><testcase classname="tests.pipelines.test_reverse_transfer_csv_loader" name="test_missing_time_column_fails_clearly" time="0.004" /><testcase classname="tests.pipelines.test_reverse_transfer_csv_loader" name="test_missing_target_column_fails_clearly" time="0.004" /><testcase classname="tests.pipelines.test_reverse_transfer_csv_loader" name="test_mixed_type_csv_loads_under_installed_pandas" time="0.006" /><testcase classname="tests.pipelines.test_reverse_transfer_csv_loader" name="test_loaded_column_order_is_requested_order_not_source_order" time="0.005" /><testcase classname="tests.pipelines.test_reverse_transfer_csv_loader" name="test_target_and_time_are_absent_from_feature_matrix" time="0.008" /><testcase classname="tests.pipelines.test_reverse_transfer_csv_loader" name="test_valid_csv_preserves_all_rows_and_features" time="0.008" /><testcase classname="tests.pipelines.test_reverse_transfer_csv_loader" name="test_duplicate_required_source_header_is_rejected" time="0.003" /><testcase classname="tests.pipelines.test_reverse_transfer_metrics" name="test_valid_derived_metric_artifacts_reproduce_for_both_models[lr]" time="0.210" /><testcase classname="tests.pipelines.test_reverse_transfer_metrics" name="test_valid_derived_metric_artifacts_reproduce_for_both_models[catboost]" time="0.152" /><testcase classname="tests.pipelines.test_reverse_transfer_metrics" name="test_auc_drop_adversarial_claims_are_rejected[plus]" time="0.145" /><testcase classname="tests.pipelines.test_reverse_transfer_metrics" name="test_auc_drop_adversarial_claims_are_rejected[minus]" time="0.099" /><testcase classname="tests.pipelines.test_reverse_transfer_metrics" name="test_auc_drop_adversarial_claims_are_rejected[reversed]" time="0.102" /><testcase classname="tests.pipelines.test_reverse_transfer_metrics" name="test_auc_drop_adversarial_claims_are_rejected[mean_fold]" time="0.118" /><testcase classname="tests.pipelines.test_reverse_transfer_metrics" name="test_auc_drop_adversarial_claims_are_rejected[dev_auc]" time="0.113" /><testcase classname="tests.pipelines.test_reverse_transfer_metrics" name="test_auc_drop_adversarial_claims_are_rejected[oot_auc]" time="0.122" /><testcase classname="tests.pipelines.test_reverse_transfer_metrics" name="test_auc_drop_adversarial_claims_are_rejected[dev_prediction]" time="0.101" /><testcase classname="tests.pipelines.test_reverse_transfer_metrics" name="test_auc_drop_adversarial_claims_are_rejected[oot_prediction]" time="0.126" /><testcase classname="tests.pipelines.test_reverse_transfer_metrics" name="test_auc_drop_adversarial_claims_are_rejected[dev_hash]" time="0.096" /><testcase classname="tests.pipelines.test_reverse_transfer_metrics" name="test_auc_drop_adversarial_claims_are_rejected[oot_hash]" time="0.095" /><testcase classname="tests.pipelines.test_reverse_transfer_metrics" name="test_auc_drop_adversarial_claims_are_rejected[dev_count]" time="0.091" /><testcase classname="tests.pipelines.test_reverse_transfer_metrics" name="test_auc_drop_adversarial_claims_are_rejected[oot_count]" time="0.129" /><testcase classname="tests.pipelines.test_reverse_transfer_metrics" name="test_psi_adversarial_claims_are_rejected[plus]" time="0.127" /><testcase classname="tests.pipelines.test_reverse_transfer_metrics" name="test_psi_adversarial_claims_are_rejected[minus]" time="0.101" /><testcase classname="tests.pipelines.test_reverse_transfer_metrics" name="test_psi_adversarial_claims_are_rejected[zero]" time="0.097" /><testcase classname="tests.pipelines.test_reverse_transfer_metrics" name="test_psi_adversarial_claims_are_rejected[reversed_scopes]" time="0.113" /><testcase classname="tests.pipelines.test_reverse_transfer_metrics" name="test_psi_adversarial_claims_are_rejected[in_sample_reference]" time="0.096" /><testcase classname="tests.pipelines.test_reverse_transfer_metrics" name="test_psi_adversarial_claims_are_rejected[oot_fitted_bins]" time="0.117" /><testcase classname="tests.pipelines.test_reverse_transfer_metrics" name="test_psi_adversarial_claims_are_rejected[edge]" time="0.112" /><testcase classname="tests.pipelines.test_reverse_transfer_metrics" name="test_psi_adversarial_claims_are_rejected[effective_bins]" time="0.146" /><testcase classname="tests.pipelines.test_reverse_transfer_metrics" name="test_psi_adversarial_claims_are_rejected[epsilon]" time="0.098" /><testcase classname="tests.pipelines.test_reverse_transfer_metrics" name="test_psi_adversarial_claims_are_rejected[contribution]" time="0.116" /><testcase classname="tests.pipelines.test_reverse_transfer_metrics" name="test_psi_adversarial_claims_are_rejected[contribution_sum]" time="0.111" /><testcase classname="tests.pipelines.test_reverse_transfer_metrics" name="test_psi_adversarial_claims_are_rejected[dev_prediction]" time="0.090" /><testcase classname="tests.pipelines.test_reverse_transfer_metrics" name="test_psi_adversarial_claims_are_rejected[oot_prediction]" time="0.106" /><testcase classname="tests.pipelines.test_reverse_transfer_metrics" name="test_psi_adversarial_claims_are_rejected[reference_hash]" time="0.100" /><testcase classname="tests.pipelines.test_reverse_transfer_metrics" name="test_psi_adversarial_claims_are_rejected[comparison_hash]" time="0.108" /><testcase classname="tests.pipelines.test_reverse_transfer_metrics" name="test_psi_adversarial_claims_are_rejected[reference_count]" time="0.101" /><testcase classname="tests.pipelines.test_reverse_transfer_metrics" name="test_psi_adversarial_claims_are_rejected[comparison_count]" time="0.125" /><testcase classname="tests.pipelines.test_reverse_transfer_metrics" name="test_psi_adversarial_claims_are_rejected[missing_details]" time="0.111" /><testcase classname="tests.pipelines.test_reverse_transfer_metrics" name="test_invalid_saved_probabilities_fail_metric_generation[1.01]" time="0.087" /><testcase classname="tests.pipelines.test_reverse_transfer_metrics" name="test_invalid_saved_probabilities_fail_metric_generation[inf]" time="0.095" /><testcase classname="tests.pipelines.test_reverse_transfer_metrics" name="test_derived_metric_provenance_mismatches_fail_closed[model]" time="0.104" /><testcase classname="tests.pipelines.test_reverse_transfer_metrics" name="test_derived_metric_provenance_mismatches_fail_closed[run_id]" time="0.077" /><testcase classname="tests.pipelines.test_reverse_transfer_metrics" name="test_derived_metric_provenance_mismatches_fail_closed[configuration_hash]" time="0.097" /><testcase classname="tests.pipelines.test_reverse_transfer_metrics" name="test_derived_metric_provenance_mismatches_fail_closed[data_manifest_hash]" time="0.084" /><testcase classname="tests.pipelines.test_reverse_transfer_metrics" name="test_derived_metric_provenance_mismatches_fail_closed[source_identity_manifest_hash]" time="0.108" /><testcase classname="tests.pipelines.test_reverse_transfer_metrics" name="test_derived_metric_provenance_mismatches_fail_closed[missing_metric_version]" time="0.111" /><testcase classname="tests.pipelines.test_reverse_transfer_metrics" name="test_derived_metric_provenance_mismatches_fail_closed[missing_psi_version]" time="0.104" /><testcase classname="tests.pipelines.test_reverse_transfer_metrics" name="test_psi_is_zero_for_identical_distributions_and_positive_for_shift" time="0.002" /><testcase classname="tests.pipelines.test_reverse_transfer_metrics" name="test_duplicate_quantile_edges_and_repeated_validation_are_deterministic" time="0.177" /><testcase classname="tests.pipelines.test_reverse_transfer_metrics" name="test_row_shuffling_preserves_auc_drop_and_psi" time="0.161" /><testcase classname="tests.pipelines.test_reverse_transfer_orchestrator" name="test_parser_exposes_only_reverse_transfer_stages" time="0.001" /><testcase classname="tests.pipelines.test_reverse_transfer_orchestrator" name="test_dry_run_does_not_create_output" time="3.775" /><testcase classname="tests.pipelines.test_reverse_transfer_orchestrator" name="test_orchestrator_source_never_references_deleted_matrix" time="0.001" /><testcase classname="tests.pipelines.test_reverse_transfer_orchestrator" name="test_dry_run_displays_resolved_anchor_contract" time="3.846" /><testcase classname="tests.pipelines.test_reverse_transfer_orchestrator" name="test_reverse_orchestrator_rejects_swapped_roles" time="0.002" /><testcase classname="tests.pipelines.test_reverse_transfer_orchestrator" name="test_stage_filter_skip_existing_and_overwrite_refusal" time="19.230" /><testcase classname="tests.pipelines.test_reverse_transfer_orchestrator" name="test_skip_existing_revalidates_all_upstream_artifacts" time="11.587" /><testcase classname="tests.pipelines.test_reverse_transfer_orchestrator" name="test_skip_existing_revalidates_declared_current_inputs" time="7.705" /><testcase classname="tests.pipelines.test_reverse_transfer_registry" name="test_canonical_artifact_id_is_deterministic_and_path_aware" time="0.000" /><testcase classname="tests.pipelines.test_reverse_transfer_registry" name="test_identical_content_at_distinct_roles_has_distinct_artifact_ids" time="0.000" /><testcase classname="tests.pipelines.test_reverse_transfer_registry" name="test_sha256_validation_rejects_malformed_values[]" time="0.001" /><testcase classname="tests.pipelines.test_reverse_transfer_registry" name="test_sha256_validation_rejects_malformed_values[ ]" time="0.001" /><testcase classname="tests.pipelines.test_reverse_transfer_registry" name="test_sha256_validation_rejects_malformed_values[unknown]" time="0.000" /><testcase classname="tests.pipelines.test_reverse_transfer_registry" name="test_sha256_validation_rejects_malformed_values[pending]" time="0.000" /><testcase classname="tests.pipelines.test_reverse_transfer_registry" name="test_sha256_validation_rejects_malformed_values[0000000000000000000000000000000000000000000000000000000000000000]" time="0.000" /><testcase classname="tests.pipelines.test_reverse_transfer_registry" name="test_sha256_validation_rejects_malformed_values[aaaaaaaaaaaaaaaaaaaaaaaaaaaaaaaaaaaaaaaaaaaaaaaaaaaaaaaaaaaaaaa]" time="0.000" /><testcase classname="tests.pipelines.test_reverse_transfer_registry" name="test_sha256_validation_rejects_malformed_values[gggggggggggggggggggggggggggggggggggggggggggggggggggggggggggggggg]" time="0.000" /><testcase classname="tests.pipelines.test_reverse_transfer_registry" name="test_schema_types_enums_json_and_primary_keys" time="0.022" /><testcase classname="tests.pipelines.test_reverse_transfer_registry" name="test_schema_aware_canonical_equivalence_and_path_safety" time="0.002" /><testcase classname="tests.pipelines.test_reverse_transfer_registry" name="test_bundle_referential_integrity_and_artifact_hashes" time="0.062" /><testcase classname="tests.pipelines.test_reverse_transfer_registry" name="test_artifact_identity_conflicts_are_rejected[new_id_two_paths]" time="0.023" /><testcase classname="tests.pipelines.test_reverse_transfer_registry" name="test_artifact_identity_conflicts_are_rejected[equivalent_paths_conflicting_hashes]" time="0.025" /><testcase classname="tests.pipelines.test_reverse_transfer_registry" name="test_artifact_identity_conflicts_are_rejected[new_id_two_hashes]" time="0.013" /><testcase classname="tests.pipelines.test_reverse_transfer_registry" name="test_artifact_identity_conflicts_are_rejected[new_id_two_types]" time="0.015" /><testcase classname="tests.pipelines.test_reverse_transfer_registry" name="test_artifact_identity_conflicts_are_rejected[new_id_two_owners]" time="0.015" /><testcase classname="tests.pipelines.test_reverse_transfer_registry" name="test_artifact_identity_conflicts_are_rejected[one_path_two_ids]" time="0.016" /><testcase classname="tests.pipelines.test_reverse_transfer_registry" name="test_artifact_identity_conflicts_are_rejected[existing_id_new_path]" time="0.013" /><testcase classname="tests.pipelines.test_reverse_transfer_registry" name="test_artifact_identity_conflicts_are_rejected[existing_path_new_id]" time="0.014" /><testcase classname="tests.pipelines.test_reverse_transfer_registry" name="test_artifact_identity_conflicts_are_rejected[existing_registry_id_two_paths]" time="0.018" /><testcase classname="tests.pipelines.test_reverse_transfer_registry" name="test_artifact_identity_conflicts_are_rejected[windows_posix_collision]" time="0.015" /><testcase classname="tests.pipelines.test_reverse_transfer_registry" name="test_artifact_identity_conflicts_are_rejected[dot_path_collision]" time="0.036" /><testcase classname="tests.pipelines.test_reverse_transfer_registry" name="test_artifact_identity_conflicts_are_rejected[same_path_changed_content]" time="0.033" /><testcase classname="tests.pipelines.test_reverse_transfer_registry" name="test_current_versus_proposed_artifact_conflict_is_diagnostic" time="0.022" /><testcase classname="tests.pipelines.test_reverse_transfer_registry" name="test_artifact_scientific_provenance_must_be_consistent[dataset-lendingclub_v2]" time="0.016" /><testcase classname="tests.pipelines.test_reverse_transfer_registry" name="test_artifact_scientific_provenance_must_be_consistent[model-catboost]" time="0.013" /><testcase classname="tests.pipelines.test_reverse_transfer_registry" name="test_artifact_scientific_provenance_must_be_consistent[method-different_method]" time="0.013" /><testcase classname="tests.pipelines.test_reverse_transfer_registry" name="test_artifact_scientific_provenance_must_be_consistent[configuration_hash-9999999999999999999999999999999999999999999999999999999999999999]" time="0.023" /><testcase classname="tests.pipelines.test_reverse_transfer_registry" name="test_artifact_scientific_provenance_must_be_consistent[data_manifest_hash-8888888888888888888888888888888888888888888888888888888888888888]" time="0.017" /><testcase classname="tests.pipelines.test_reverse_transfer_registry" name="test_artifact_scientific_provenance_must_be_consistent[pairing_policy_version-different_policy]" time="0.023" /><testcase classname="tests.pipelines.test_reverse_transfer_registry" name="test_artifact_scientific_provenance_must_be_consistent[scientific_stage-project]" time="0.022" /><testcase classname="tests.pipelines.test_reverse_transfer_registry" name="test_artifact_identity_valid_idempotent_and_canonical_cases" time="0.066" /><testcase classname="tests.pipelines.test_reverse_transfer_registry" name="test_registry_bundle_dry_run_reports_conflict_without_writes" time="0.057" /><testcase classname="tests.pipelines.test_reverse_transfer_registry" name="test_transaction_new_noop_and_rollback" time="0.032" /><testcase classname="tests.pipelines.test_reverse_transfer_registry" name="test_every_precommit_failure_boundary_restores_exact_bytes_and_unlocks[after_lock_acquired-None-None]" time="0.095" /><testcase classname="tests.pipelines.test_reverse_transfer_registry" name="test_every_precommit_failure_boundary_restores_exact_bytes_and_unlocks[after_originals_captured-None-None]" time="0.126" /><testcase classname="tests.pipelines.test_reverse_transfer_registry" name="test_every_precommit_failure_boundary_restores_exact_bytes_and_unlocks[during_temp_create-0-None]" time="0.121" /><testcase classname="tests.pipelines.test_reverse_transfer_registry" name="test_every_precommit_failure_boundary_restores_exact_bytes_and_unlocks[during_temp_write-0-None]" time="0.096" /><testcase classname="tests.pipelines.test_reverse_transfer_registry" name="test_every_precommit_failure_boundary_restores_exact_bytes_and_unlocks[during_temp_write-2-None]" time="0.111" /><testcase classname="tests.pipelines.test_reverse_transfer_registry" name="test_every_precommit_failure_boundary_restores_exact_bytes_and_unlocks[during_temp_flush-1-None]" time="0.115" /><testcase classname="tests.pipelines.test_reverse_transfer_registry" name="test_every_precommit_failure_boundary_restores_exact_bytes_and_unlocks[during_temp_fsync-1-None]" time="0.114" /><testcase classname="tests.pipelines.test_reverse_transfer_registry" name="test_every_precommit_failure_boundary_restores_exact_bytes_and_unlocks[during_temp_schema_validation-1-None]" time="0.123" /><testcase classname="tests.pipelines.test_reverse_transfer_registry" name="test_every_precommit_failure_boundary_restores_exact_bytes_and_unlocks[during_temp_hash_validation-1-None]" time="0.127" /><testcase classname="tests.pipelines.test_reverse_transfer_registry" name="test_every_precommit_failure_boundary_restores_exact_bytes_and_unlocks[before_first_replace-None-None]" time="0.143" /><testcase classname="tests.pipelines.test_reverse_transfer_registry" name="test_every_precommit_failure_boundary_restores_exact_bytes_and_unlocks[after_first_replace-None-None]" time="0.157" /><testcase classname="tests.pipelines.test_reverse_transfer_registry" name="test_every_precommit_failure_boundary_restores_exact_bytes_and_unlocks[after_middle_replace-2-None]" time="0.148" /><testcase classname="tests.pipelines.test_reverse_transfer_registry" name="test_every_precommit_failure_boundary_restores_exact_bytes_and_unlocks[after_final_replace-None-None]" time="0.159" /><testcase classname="tests.pipelines.test_reverse_transfer_registry" name="test_every_precommit_failure_boundary_restores_exact_bytes_and_unlocks[after_summary_replace-None-None]" time="0.152" /><testcase classname="tests.pipelines.test_reverse_transfer_registry" name="test_every_precommit_failure_boundary_restores_exact_bytes_and_unlocks[during_post_write_schema_validation-None-None]" time="0.163" /><testcase classname="tests.pipelines.test_reverse_transfer_registry" name="test_every_precommit_failure_boundary_restores_exact_bytes_and_unlocks[during_post_write_hash_validation-None-None]" time="0.180" /><testcase classname="tests.pipelines.test_reverse_transfer_registry" name="test_every_precommit_failure_boundary_restores_exact_bytes_and_unlocks[after_post_commit_validation-None-None]" time="0.175" /><testcase classname="tests.pipelines.test_reverse_transfer_registry" name="test_every_precommit_failure_boundary_restores_exact_bytes_and_unlocks[during_cleanup-None-None]" time="0.207" /><testcase classname="tests.pipelines.test_reverse_transfer_registry" name="test_every_precommit_failure_boundary_restores_exact_bytes_and_unlocks[before_transaction_manifest-None-None]" time="0.186" /><testcase classname="tests.pipelines.test_reverse_transfer_registry" name="test_every_precommit_failure_boundary_restores_exact_bytes_and_unlocks[during_transaction_manifest_write-None-None]" time="0.171" /><testcase classname="tests.pipelines.test_reverse_transfer_registry" name="test_every_precommit_failure_boundary_restores_exact_bytes_and_unlocks[during_transaction_manifest_validation-None-persisted]" time="0.196" /><testcase classname="tests.pipelines.test_reverse_transfer_registry" name="test_every_precommit_failure_boundary_restores_exact_bytes_and_unlocks[during_transaction_manifest_replace-None-None]" time="0.185" /><testcase classname="tests.pipelines.test_reverse_transfer_registry" name="test_transaction_manifest_replacement_is_the_commit_boundary" time="0.084" /><testcase classname="tests.pipelines.test_reverse_transfer_registry" name="test_summary_manifest_counts_and_hashes_match_final_payloads" time="0.010" /><testcase classname="tests.pipelines.test_reverse_transfer_registry" name="test_stale_summary_manifest_is_detected" time="0.006" /><testcase classname="tests.pipelines.test_reverse_transfer_registry" name="test_summary_manifest_regeneration_is_deterministic" time="0.008" /><testcase classname="tests.pipelines.test_reverse_transfer_stage_handoff" name="test_prepare_anchor_intermediates_are_declared_and_train_outputs_are_distinct" time="0.003" /><testcase classname="tests.pipelines.test_reverse_transfer_stage_handoff" name="test_train_accepts_hash_authenticated_prepare_artifacts" time="0.005" /><testcase classname="tests.pipelines.test_reverse_transfer_stage_handoff" name="test_train_rejects_unmanifested_preexisting_train_output" time="3.845" /><testcase classname="tests.pipelines.test_reverse_transfer_stage_handoff" name="test_modified_prepare_anchor_is_rejected_by_hash" time="0.006" /><testcase classname="tests.pipelines.test_reverse_transfer_stage_handoff" name="test_manifest_path_normalization_mismatch_is_rejected" time="0.004" /><testcase classname="tests.pipelines.test_reverse_transfer_stage_handoff" name="test_train_rejects_missing_prepare_manifest" time="3.803" /><testcase classname="tests.pipelines.test_reverse_transfer_stage_handoff" name="test_train_rejects_incomplete_prepare_manifest" time="3.855" /><testcase classname="tests.pipelines.test_reverse_transfer_stage_handoff" name="test_duplicate_cross_stage_artifact_declaration_is_rejected" time="0.002" /><testcase classname="tests.pipelines.test_reverse_transfer_stage_handoff" name="test_current_valid_prepare_to_train_handoff_succeeds" time="3.846" /><testcase classname="tests.pipelines.test_reverse_transfer_stage_handoff" name="test_declared_prepare_input_tampering_remains_fail_closed" time="0.009" /><testcase classname="tests.test_aggregate_results" name="test_aggregate_results_includes_new_metric_columns" time="0.071" /><testcase classname="tests.test_aggregate_results" name="test_aggregate_results_accepts_project_relative_matrix_paths" time="0.050" /><testcase classname="tests.test_clip_readiness_artifacts" name="test_clip_readiness_manifest_uses_v2_not_old_lendingclub" time="0.001" /><testcase classname="tests.test_clip_readiness_artifacts" name="test_forbidden_column_policy_does_not_flag_bootstrap" time="0.000" /><testcase classname="tests.test_clip_readiness_artifacts" name="test_validate_clip_readiness_accepts_dev_only_training_tables" time="0.032" /><testcase classname="tests.test_clip_readiness_artifacts" name="test_validate_clip_readiness_rejects_oot_psi_training_columns" time="0.030" /><testcase classname="tests.test_data_pipeline" name="test_normalize_home_credit_sentinel_dates_replaces_only_day_columns" time="0.001" /><testcase classname="tests.test_data_pipeline" name="test_build_application_time_proxy_uses_more_than_previous_application" time="0.013" /><testcase classname="tests.test_data_pipeline" name="test_preprocessor_one_hot_encodes_high_cardinality_categories" time="0.008" /><testcase classname="tests.test_data_pipeline" name="test_preprocessor_replaces_infinite_values_before_scaling" time="0.008" /><testcase classname="tests.test_data_pipeline" name="test_preprocessor_handles_missing_pandas_categorical_values" time="0.014" /><testcase classname="tests.test_data_pipeline" name="test_pca_selector_accepts_optional_target_argument" time="0.004" /><testcase classname="tests.test_data_pipeline" name="test_grouped_time_series_split_keeps_same_time_values_together" time="0.000" /><testcase classname="tests.test_data_pipeline" name="test_build_feature_metadata_includes_numeric_percentiles" time="0.010" /><testcase classname="tests.test_data_pipeline" name="test_prepare_lendingclub_application_frame_drops_leakage_columns" time="0.024" /><testcase classname="tests.test_data_pipeline" name="test_build_lendingclub_application_features_adds_engineered_columns" time="0.134" /><testcase classname="tests.test_feature_stability_metrics" name="test_nogueira_stability_identical_sets_is_one" time="0.000" /><testcase classname="tests.test_feature_stability_metrics" name="test_nogueira_stability_uses_full_feature_universe" time="0.000" /><testcase classname="tests.test_feature_stability_metrics" name="test_nogueira_stability_matches_kuncheva_for_fixed_size_sets" time="0.001" /><testcase classname="tests.test_feature_stability_metrics" name="test_nogueira_stability_lower_bound_for_disjoint_sets" time="0.001" /><testcase classname="tests.test_feature_stability_metrics" name="test_kuncheva_stability_fixed_size_sets" time="0.001" /><testcase classname="tests.test_feature_stability_metrics" name="test_pairwise_jaccard_cases" time="0.001" /><testcase classname="tests.test_feature_stability_metrics" name="test_selection_frequency_frame_counts_folds" time="0.006" /><testcase classname="tests.test_feature_stability_metrics" name="test_psi_near_zero_for_identical_and_higher_for_shifted" time="0.006" /><testcase classname="tests.test_feature_stability_metrics" name="test_credit_risk_lift_and_capture_at_10" time="0.001" /><testcase classname="tests.test_feature_stability_metrics" name="test_semantic_group_stability_computes_correctly" time="0.018" /><testcase classname="tests.test_feature_stability_metrics" name="test_stability_universe_comes_from_frozen_candidate_pool[60-20]" time="0.005" /><testcase classname="tests.test_feature_stability_metrics" name="test_stability_universe_comes_from_frozen_candidate_pool[100-40]" time="0.015" /><testcase classname="tests.test_feature_stability_metrics" name="test_full_model_universe_is_rejected_for_reverse_transfer_pool" time="0.036" /><testcase classname="tests.test_feature_stability_metrics" name="test_nogueira_matches_independent_indicator_implementation" time="0.001" /><testcase classname="tests.test_feature_stability_metrics" name="test_kuncheva_matches_independent_pairwise_implementation" time="0.000" /><testcase classname="tests.test_feature_stability_metrics" name="test_jaccard_does_not_depend_on_candidate_universe" time="0.000" /><testcase classname="tests.test_feature_stability_metrics" name="test_empty_semantic_groups_are_explicitly_empty" time="0.023" /><testcase classname="tests.test_feature_utils" name="test_extract_feature_importance_unwraps_model_wrapper" time="0.006" /><testcase classname="tests.test_hybrid_selector" name="test_llm_then_stat_selector_applies_both_stages" time="0.006" /><testcase classname="tests.test_hybrid_selector" name="test_llm_then_stat_selector_requires_target" time="0.001" /><testcase classname="tests.test_hybrid_selector" name="test_lr_hybrid_uses_top60_candidate_pool_and_final20_output" time="0.007" /><testcase classname="tests.test_hybrid_selector" name="test_catboost_hybrid_uses_top100_candidate_pool_and_final40_output" time="0.008" /><testcase classname="tests.test_hybrid_selector" name="test_hybrid_output_never_exceeds_final_budget" time="0.009" /><testcase classname="tests.test_hybrid_selector" name="test_boruta_like_hybrid_backfills_to_budget_from_llm_order" time="0.007" /><testcase classname="tests.test_hybrid_selector" name="test_stable_core_llm_fill_runs_and_respects_budget" time="0.593" /><testcase classname="tests.test_llm_selector" name="test_llm_selector_cache_is_keyed_by_training_signature" time="0.020" /><testcase classname="tests.test_llm_selector" name="test_llm_selector_call_llm_parses_selection_principles" time="0.001" /><testcase classname="tests.test_llm_selector" name="test_llm_shared_ranking_can_produce_top_100" time="0.260" /><testcase classname="tests.test_llm_selector" name="test_cache_invalidates_when_prompt_version_changes" time="0.020" /><testcase classname="tests.test_llm_selector" name="test_missing_invalid_llm_ranked_features_are_filtered_safely" time="0.014" /><testcase classname="tests.test_llm_selector" name="test_lr_llm_only_truncates_broad_ranking_to_top20" time="0.159" /><testcase classname="tests.test_llm_selector" name="test_catboost_llm_only_truncates_broad_ranking_to_top40" time="0.232" /><testcase classname="tests.test_llm_selector" name="test_llm_selector_sanitizes_categorical_columns_before_iv_filter" time="0.013" /><testcase classname="tests.test_metrics" name="test_evaluate_model_uses_training_threshold_for_thresholded_metrics" time="0.005" /><testcase classname="tests.test_model_utils" name="test_train_model_does_not_forward_external_eval_set_by_default" time="0.001" /><testcase classname="tests.test_package_refactor" name="test_credit_risk_fs_import_surface_is_available" time="0.000" /><testcase classname="tests.test_package_refactor" name="test_matrix_config_loading_works_for_both_datasets" time="0.001" /><testcase classname="tests.test_package_refactor" name="test_temporal_split_keeps_future_rows_out_of_dev" time="0.002" /><testcase classname="tests.test_package_refactor" name="test_leakage_blacklist_is_applied" time="0.001" /><testcase classname="tests.test_package_refactor" name="test_selector_registry_supports_core_research_selectors" time="0.000" /><testcase classname="tests.test_package_refactor" name="test_hybrid_selectors_receive_description_path_and_cache_dir" time="0.000" /><testcase classname="tests.test_package_refactor" name="test_result_folder_helper_creates_run_directories" time="0.002" /><testcase classname="tests.test_package_refactor" name="test_semantic_coverage_and_redundancy_run_on_toy_feature_sets" time="0.017" /><testcase classname="tests.test_pipeline_comparison" name="test_build_experiment_summary_row_aggregates_fold_metrics" time="0.014" /><testcase classname="tests.test_pipeline_comparison" name="test_compare_experiment_pair_reports_overlap_and_performance_deltas" time="0.057" /><testcase classname="tests.test_pipeline_comparison" name="test_build_feature_overlap_frame_handles_missing_final_files" time="0.011" /><testcase classname="tests.test_plotting_artifacts" name="test_plotting_creates_required_tables_and_pngs" time="1.634" /><testcase classname="tests.test_research_matrix" name="test_matrix_explicitly_contains_required_runs" time="0.000" /><testcase classname="tests.test_research_matrix" name="test_config_hash_changes_when_run_selector_changes" time="0.000" /><testcase classname="tests.test_research_matrix" name="test_config_parser_reads_random_seed_and_results_dir" time="0.003" /><testcase classname="tests.test_research_matrix" name="test_no_oot_leakage_columns_reach_model_features" time="0.001" /><testcase classname="tests.test_research_matrix" name="test_model_specific_selector_budgets_are_applied" time="0.000" /><testcase classname="tests.test_research_matrix" name="test_boruta_budget_sets_final_cap_without_enabling_rfe" time="0.000" /><testcase classname="tests.test_research_matrix" name="test_temporal_split_validation_stays_after_training" time="0.001" /><testcase classname="tests.test_research_matrix" name="test_pipeline_runs_on_tiny_dummy_dataset" time="0.233" /><testcase classname="tests.test_research_matrix" name="test_completed_run_requires_lean_artifacts" time="0.014" /><testcase classname="tests.test_research_matrix" name="test_feature_selection_fit_never_uses_oot_rows" time="0.219" /><testcase classname="tests.test_shared_llm_ranking" name="test_shared_llm_ranking_cache_reuses_same_fold_and_signature" time="0.044" /><testcase classname="tests.test_shared_llm_ranking" name="test_shared_llm_ranking_cache_keeps_fold_and_final_dev_separate" time="0.044" /><testcase classname="tests.test_shared_llm_ranking" name="test_shared_llm_ranking_expected_six_calls_for_five_folds_plus_final_dev" time="0.287" /><testcase classname="tests.test_shared_llm_ranking" name="test_shared_llm_ranking_cache_invalidates_when_prompt_hash_changes" time="0.028" /><testcase classname="tests.test_stability_scores" name="test_calculate_psi_detects_shift_outside_training_range" time="0.005" /></testsuite></testsuites>